1616224243810	geckodriver	INFO	Listening on 127.0.0.1:65278
1616224247124	mozrunner::runner	INFO	Running command: "C:\\Program Files\\Mozilla Firefox\\firefox.exe" "--marionette" "-headless" "-foreground" "-no-remote" "-profile" "C:\\Users\\91902\\AppData\\Local\\Temp\\rust_mozprofileKg0ods"
*** You are running in headless mode.
console.warn: SearchSettings: "get: No settings file exists, new profile?" (new Error("", "(unknown module)"))
1616224248288	Marionette	INFO	Listening on port 65286
1616224248678	Marionette	WARN	TLS certificate errors will be ignored for this session
1616224271867	geckodriver	INFO	Listening on 127.0.0.1:65351
1616224275178	mozrunner::runner	INFO	Running command: "C:\\Program Files\\Mozilla Firefox\\firefox.exe" "--marionette" "-headless" "-foreground" "-no-remote" "-profile" "C:\\Users\\91902\\AppData\\Local\\Temp\\rust_mozprofilewpocFP"
*** You are running in headless mode.
console.warn: SearchSettings: "get: No settings file exists, new profile?" (new Error("", "(unknown module)"))
1616224276318	Marionette	INFO	Listening on port 65359
1616224276724	Marionette	WARN	TLS certificate errors will be ignored for this session
1616224290407	geckodriver	INFO	Listening on 127.0.0.1:65414
1616224293736	mozrunner::runner	INFO	Running command: "C:\\Program Files\\Mozilla Firefox\\firefox.exe" "--marionette" "-headless" "-foreground" "-no-remote" "-profile" "C:\\Users\\91902\\AppData\\Local\\Temp\\rust_mozprofileChf2GM"
*** You are running in headless mode.
console.warn: SearchSettings: "get: No settings file exists, new profile?" (new Error("", "(unknown module)"))
1616224294994	Marionette	INFO	Listening on port 65422
1616224295268	Marionette	WARN	TLS certificate errors will be ignored for this session
1616224449953	geckodriver	INFO	Listening on 127.0.0.1:65531
1616224453328	mozrunner::runner	INFO	Running command: "C:\\Program Files\\Mozilla Firefox\\firefox.exe" "--marionette" "-headless" "-foreground" "-no-remote" "-profile" "C:\\Users\\91902\\AppData\\Local\\Temp\\rust_mozprofiledTc8Pe"
*** You are running in headless mode.
console.warn: SearchSettings: "get: No settings file exists, new profile?" (new Error("", "(unknown module)"))
1616224454581	Marionette	INFO	Listening on port 49156
1616224454862	Marionette	WARN	TLS certificate errors will be ignored for this session
1616224574346	geckodriver	INFO	Listening on 127.0.0.1:49249
1616224577713	mozrunner::runner	INFO	Running command: "C:\\Program Files\\Mozilla Firefox\\firefox.exe" "--marionette" "-headless" "-foreground" "-no-remote" "-profile" "C:\\Users\\91902\\AppData\\Local\\Temp\\rust_mozprofilejvjYiq"
*** You are running in headless mode.
console.warn: SearchSettings: "get: No settings file exists, new profile?" (new Error("", "(unknown module)"))
1616224578854	Marionette	INFO	Listening on port 49257
1616224579271	Marionette	WARN	TLS certificate errors will be ignored for this session
1616224587930	Marionette	INFO	Stopped listening on port 49257
1616224623742	geckodriver	INFO	Listening on 127.0.0.1:49310
1616224627093	mozrunner::runner	INFO	Running command: "C:\\Program Files\\Mozilla Firefox\\firefox.exe" "--marionette" "-headless" "-foreground" "-no-remote" "-profile" "C:\\Users\\91902\\AppData\\Local\\Temp\\rust_mozprofilev02UDo"
*** You are running in headless mode.
console.warn: SearchSettings: "get: No settings file exists, new profile?" (new Error("", "(unknown module)"))
1616224628345	Marionette	INFO	Listening on port 49318
1616224628625	Marionette	WARN	TLS certificate errors will be ignored for this session
1616224638763	Marionette	INFO	Stopped listening on port 49318
1616224651243	geckodriver	INFO	Listening on 127.0.0.1:49377
1616224654557	mozrunner::runner	INFO	Running command: "C:\\Program Files\\Mozilla Firefox\\firefox.exe" "--marionette" "-headless" "-foreground" "-no-remote" "-profile" "C:\\Users\\91902\\AppData\\Local\\Temp\\rust_mozprofileGvCpNO"
*** You are running in headless mode.
console.warn: SearchSettings: "get: No settings file exists, new profile?" (new Error("", "(unknown module)"))
1616224655814	Marionette	INFO	Listening on port 49385
1616224656105	Marionette	WARN	TLS certificate errors will be ignored for this session
1616224665348	Marionette	INFO	Stopped listening on port 49385
[Child 17764, IPC I/O Child] WARNING: pipe error: 232: file /builds/worker/checkouts/gecko/ipc/chromium/src/chrome/common/ipc_channel_win.cc:545
[Child 17764, IPC I/O Child] WARNING: pipe error: 232: file /builds/worker/checkouts/gecko/ipc/chromium/src/chrome/common/ipc_channel_win.cc:545
